<?xml version="1.0" encoding="UTF-8"?>

<!-- AUTOGENERATED FILE. DO NOT EDIT. -->

<feed xmlns="http://www.w3.org/2005/Atom">
  <id>tag:google.com,2016:androidx-release-notes</id>
  <title>AndroidX - Release Notes</title>
  <link rel="self" href="https://developer.android.com/feeds/androidx-release-notes.xml"/>
  <author>
    <name>Android Developers</name>
  </author>
  <updated>2021-12-16T16:11:22.329069+00:00</updated>


  <entry>
    <title>December 16, 2021</title>
    <id>tag:google.com,2016:androidx-release-notes#december_16_2021</id>
    <updated>2021-12-16T00:00:00+00:00</updated>
    <link rel="alternate" href="https://developer.android.com/jetpack/androidx/versions/all-channel#december_16_2021"/>
    <content type="html"><![CDATA[<ul><li><a href="https://developer.android.com/jetpack/androidx/releases/compose-compiler#1.1.0-rc02">Compose Compiler Version 1.1.0-rc02</a></li></ul>]]>
    </content>
  </entry>

  <entry>
    <title>December 15, 2021</title>
    <id>tag:google.com,2016:androidx-release-notes#december_15_2021</id>
    <updated>2021-12-15T00:00:00+00:00</updated>
    <link rel="alternate" href="https://developer.android.com/jetpack/androidx/versions/all-channel#december_15_2021"/>
    <content type="html"><![CDATA[<ul><li><a href="https://developer.android.com/jetpack/androidx/releases/annotation#annotation-experimental-1.2.0">Annotation-Experimental Version 1.2.0</a></li>
<li><a href="https://developer.android.com/jetpack/androidx/releases/annotation#annotation-1.4.0-alpha01">Annotation Version 1.4.0-alpha01</a></li>
<li><a href="https://developer.android.com/jetpack/androidx/releases/benchmark#1.1.0-alpha13">Benchmark Version 1.1.0-alpha13</a></li>
<li><a href="https://developer.android.com/jetpack/androidx/releases/camera#1.1.0-alpha12">Camera Version 1.1.0-alpha12</a></li>
<li><a href="https://developer.android.com/jetpack/androidx/releases/camera#1.0.0-alpha32">Camera Version 1.0.0-alpha32</a></li>
<li><a href="https://developer.android.com/jetpack/androidx/releases/car-app#1.1.0">Car App Version 1.1.0</a></li>
<li><a href="https://developer.android.com/jetpack/androidx/releases/car-app#1.2.0-alpha02">Car App Version 1.2.0-alpha02</a></li>
<li><a href="https://developer.android.com/jetpack/androidx/releases/compose-animation#1.1.0-rc01">Compose Animation Version 1.1.0-rc01</a></li>
<li><a href="https://developer.android.com/jetpack/androidx/releases/compose-compiler#1.1.0-rc01">Compose Compiler Version 1.1.0-rc01</a></li>
<li><a href="https://developer.android.com/jetpack/androidx/releases/compose-foundation#1.1.0-rc01">Compose Foundation Version 1.1.0-rc01</a></li>
<li><a href="https://developer.android.com/jetpack/androidx/releases/compose-material#1.1.0-rc01">Compose Material Version 1.1.0-rc01</a></li>
<li><a href="https://developer.android.com/jetpack/androidx/releases/compose-runtime#1.1.0-rc01">Compose Runtime Version 1.1.0-rc01</a></li>
<li><a href="https://developer.android.com/jetpack/androidx/releases/compose-ui#1.1.0-rc01">Compose UI Version 1.1.0-rc01</a></li>
<li><a href="https://developer.android.com/jetpack/androidx/releases/coordinatorlayout#1.2.0-rc01">CoordinatorLayout Version 1.2.0-rc01</a></li>
<li><a href="https://developer.android.com/jetpack/androidx/releases/core#core-role-1.1.0-rc01">Core-Role Version 1.1.0-rc01</a></li>
<li><a href="https://developer.android.com/jetpack/androidx/releases/core#1.8.0-alpha02">Core Core-Ktx Version 1.8.0-alpha02</a></li>
<li><a href="https://developer.android.com/jetpack/androidx/releases/core#1.0.0-alpha01">Core-Performance Core-RemoteViews Version 1.0.0-alpha01</a></li>
<li><a href="https://developer.android.com/jetpack/androidx/releases/draganddrop#1.0.0-alpha02">Draganddrop Version 1.0.0-alpha02</a></li>
<li><a href="https://developer.android.com/jetpack/androidx/releases/emoji2#1.0.1">Emoji2 Version 1.0.1</a></li>
<li><a href="https://developer.android.com/jetpack/androidx/releases/emoji2#1.1.0-alpha01">Emoji2 Version 1.1.0-alpha01</a></li>
<li><a href="https://developer.android.com/jetpack/androidx/releases/games#games-activity-1.1.0-beta02">Games-Activity Version 1.1.0-beta02</a></li>
<li><a href="https://developer.android.com/jetpack/androidx/releases/games#games-controller-1.1.0-alpha01">Games-Controller Version 1.1.0-alpha01</a></li>
<li><a href="https://developer.android.com/jetpack/androidx/releases/games#games-frame-pacing-1.10.0-alpha01">Games-Frame-Pacing Version 1.10.0-alpha01</a></li>
<li><a href="https://developer.android.com/jetpack/androidx/releases/games#games-performance-tuner-1.5.0-beta02">Games-Performance-Tuner Version 1.5.0-beta02</a></li>
<li><a href="https://developer.android.com/jetpack/androidx/releases/games#games-text-input-1.1.0-beta01">Games-Text-Input Version 1.1.0-beta01</a></li>
<li><a href="https://developer.android.com/jetpack/androidx/releases/glance#1.0.0-alpha01">Glance Version 1.0.0-alpha01</a></li>
<li><a href="https://developer.android.com/jetpack/androidx/releases/hilt#hilt-navigation-compose-1.0.0-rc01">Hilt-Navigation-Compose Version 1.0.0-rc01</a></li>
<li><a href="https://developer.android.com/jetpack/androidx/releases/localbroadcastmanager#1.1.0-rc01">Localbroadcastmanager Version 1.1.0-rc01</a></li>
<li><a href="https://developer.android.com/jetpack/androidx/releases/mediarouter#1.3.0-alpha01">Mediarouter Version 1.3.0-alpha01</a></li>
<li><a href="https://developer.android.com/jetpack/androidx/releases/navigation#2.4.0-rc01">Navigation Version 2.4.0-rc01</a></li>
<li><a href="https://developer.android.com/jetpack/androidx/releases/preference#1.2.0-rc01">Preference Version 1.2.0-rc01</a></li>
<li><a href="https://developer.android.com/jetpack/androidx/releases/profileinstaller#1.1.0-rc01">ProfileInstaller Version 1.1.0-rc01</a></li>
<li><a href="https://developer.android.com/jetpack/androidx/releases/room#2.4.0">Room Version 2.4.0</a></li>
<li><a href="https://developer.android.com/jetpack/androidx/releases/slidingpanelayout#1.2.0-rc01">SlidingPaneLayout Version 1.2.0-rc01</a></li>
<li><a href="https://developer.android.com/jetpack/androidx/releases/sqlite#2.2.0">Sqlite Version 2.2.0</a></li>
<li><a href="https://developer.android.com/jetpack/androidx/releases/wear#wear-phone-interactions-1.1.0-alpha02">Wear-Phone-Interactions Version 1.1.0-alpha02</a></li>
<li><a href="https://developer.android.com/jetpack/androidx/releases/wear#wear-phone-interactions-1.0.1">Wear-Phone-Interactions Version 1.0.1</a></li>
<li><a href="https://developer.android.com/jetpack/androidx/releases/wear-compose#1.0.0-alpha13">Wear Compose Version 1.0.0-alpha13</a></li>
<li><a href="https://developer.android.com/jetpack/androidx/releases/wear-watchface#1.1.0-alpha01">Wear Watchface Version 1.1.0-alpha01</a></li>
<li><a href="https://developer.android.com/jetpack/androidx/releases/window#1.0.0-rc01">Window Version 1.0.0-rc01</a></li></ul>]]>
    </content>
  </entry>

  <entry>
    <title>December 13, 2021</title>
    <id>tag:google.com,2016:androidx-release-notes#december_13_2021</id>
    <updated>2021-12-13T00:00:00+00:00</updated>
    <link rel="alternate" href="https://developer.android.com/jetpack/androidx/versions/all-channel#december_13_2021"/>
    <content type="html"><![CDATA[<ul><li><a href="https://developer.android.com/jetpack/androidx/releases/test#annotation-1.0.0">Test Annotation Version 1.0.0</a></li>
<li><a href="https://developer.android.com/jetpack/androidx/releases/test#monitor-1.5.0">Test Monitor Version 1.5.0</a></li>
<li><a href="https://developer.android.com/jetpack/androidx/releases/test#orchestrator-1.4.1">Test Orchestrator Version 1.4.1</a></li>
<li><a href="https://developer.android.com/jetpack/androidx/releases/test#services-1.4.1">Test Services Version 1.4.1</a></li></ul>]]>
    </content>
  </entry>

  <entry>
    <title>December 1, 2021</title>
    <id>tag:google.com,2016:androidx-release-notes#december_1_2021</id>
    <updated>2021-12-01T00:00:00+00:00</updated>
    <link rel="alternate" href="https://developer.android.com/jetpack/androidx/versions/all-channel#december_1_2021"/>
    <content type="html"><![CDATA[<ul><li><a href="https://developer.android.com/jetpack/androidx/releases/annotation#annotation-experimental-1.2.0-rc01">Annotation-Experimental Version 1.2.0-rc01</a></li>
<li><a href="https://developer.android.com/jetpack/androidx/releases/collection#1.2.0">Collection Version 1.2.0</a></li>
<li><a href="https://developer.android.com/jetpack/androidx/releases/compose-animation#1.1.0-beta04">Compose Animation Version 1.1.0-beta04</a></li>
<li><a href="https://developer.android.com/jetpack/androidx/releases/compose-compiler#1.1.0-beta04">Compose Compiler Version 1.1.0-beta04</a></li>
<li><a href="https://developer.android.com/jetpack/androidx/releases/compose-foundation#1.1.0-beta04">Compose Foundation Version 1.1.0-beta04</a></li>
<li><a href="https://developer.android.com/jetpack/androidx/releases/compose-material#1.1.0-beta04">Compose Material Version 1.1.0-beta04</a></li>
<li><a href="https://developer.android.com/jetpack/androidx/releases/compose-material3#1.0.0-alpha02">Compose Material 3 Version 1.0.0-alpha02</a></li>
<li><a href="https://developer.android.com/jetpack/androidx/releases/compose-runtime#1.1.0-beta04">Compose Runtime Version 1.1.0-beta04</a></li>
<li><a href="https://developer.android.com/jetpack/androidx/releases/compose-ui#1.1.0-beta04">Compose UI Version 1.1.0-beta04</a></li>
<li><a href="https://developer.android.com/jetpack/androidx/releases/core#1.8.0-alpha01">Core Core-Ktx Version 1.8.0-alpha01</a></li>
<li><a href="https://developer.android.com/jetpack/androidx/releases/media#media-1.5.0-beta01">Media Version 1.5.0-beta01</a></li>
<li><a href="https://developer.android.com/jetpack/androidx/releases/profileinstaller#1.1.0-beta04">ProfileInstaller Version 1.1.0-beta04</a></li>
<li><a href="https://developer.android.com/jetpack/androidx/releases/room#2.4.0-rc01">Room Version 2.4.0-rc01</a></li>
<li><a href="https://developer.android.com/jetpack/androidx/releases/sqlite#2.2.0-rc01">Sqlite Version 2.2.0-rc01</a></li>
<li><a href="https://developer.android.com/jetpack/androidx/releases/tracing#1.1.0-beta01">Tracing Version 1.1.0-beta01</a></li>
<li><a href="https://developer.android.com/jetpack/androidx/releases/wear-compose#1.0.0-alpha12">Wear Compose Version 1.0.0-alpha12</a></li>
<li><a href="https://developer.android.com/jetpack/androidx/releases/wear-watchface#1.0.0">Wear Watchface Version 1.0.0</a></li></ul>]]>
    </content>
  </entry>

  <entry>
    <title>November 18, 2021</title>
    <id>tag:google.com,2016:androidx-release-notes#november_18_2021</id>
    <updated>2021-11-18T00:00:00+00:00</updated>
    <link rel="alternate" href="https://developer.android.com/jetpack/androidx/versions/all-channel#november_18_2021"/>
    <content type="html"><![CDATA[<ul><li><a href="https://developer.android.com/jetpack/androidx/releases/test#annotation-1.0.0-rc01">Test Annotation Version 1.0.0-rc01</a></li>
<li><a href="https://developer.android.com/jetpack/androidx/releases/test#monitor-1.5.0-rc01">Test Monitor Version 1.5.0-rc01</a></li>
<li><a href="https://developer.android.com/jetpack/androidx/releases/test#orchestrator-1.4.1-rc01">Test Orchestrator Version 1.4.1-rc01</a></li>
<li><a href="https://developer.android.com/jetpack/androidx/releases/test#services-1.4.1-rc01">Test Services Version 1.4.1-rc01</a></li></ul>]]>
    </content>
  </entry>

  <entry>
    <title>November 17, 2021</title>
    <id>tag:google.com,2016:androidx-release-notes#november_17_2021</id>
    <updated>2021-11-17T00:00:00+00:00</updated>
    <link rel="alternate" href="https://developer.android.com/jetpack/androidx/versions/all-channel#november_17_2021"/>
    <content type="html"><![CDATA[<ul><li><a href="https://developer.android.com/jetpack/androidx/releases/annotation#annotation-experimental-1.2.0-beta01">Annotation-Experimental Version 1.2.0-beta01</a></li>
<li><a href="https://developer.android.com/jetpack/androidx/releases/appcompat#1.4.0">AppCompat AppCompat-Resources Version 1.4.0</a></li>
<li><a href="https://developer.android.com/jetpack/androidx/releases/benchmark#1.1.0-alpha12">Benchmark Version 1.1.0-alpha12</a></li>
<li><a href="https://developer.android.com/jetpack/androidx/releases/biometric#1.2.0-alpha04">Biometric Version 1.2.0-alpha04</a></li>
<li><a href="https://developer.android.com/jetpack/androidx/releases/camera#1.1.0-alpha11">Camera Version 1.1.0-alpha11</a></li>
<li><a href="https://developer.android.com/jetpack/androidx/releases/camera#1.0.0-alpha31">Camera Version 1.0.0-alpha31</a></li>
<li><a href="https://developer.android.com/jetpack/androidx/releases/collection#1.2.0-rc01">Collection Version 1.2.0-rc01</a></li>
<li><a href="https://developer.android.com/jetpack/androidx/releases/compose-animation#1.1.0-beta03">Compose Animation Version 1.1.0-beta03</a></li>
<li><a href="https://developer.android.com/jetpack/androidx/releases/compose-compiler#1.1.0-beta03">Compose Compiler Version 1.1.0-beta03</a></li>
<li><a href="https://developer.android.com/jetpack/androidx/releases/compose-foundation#1.1.0-beta03">Compose Foundation Version 1.1.0-beta03</a></li>
<li><a href="https://developer.android.com/jetpack/androidx/releases/compose-material#1.1.0-beta03">Compose Material Version 1.1.0-beta03</a></li>
<li><a href="https://developer.android.com/jetpack/androidx/releases/compose-runtime#1.1.0-beta03">Compose Runtime Version 1.1.0-beta03</a></li>
<li><a href="https://developer.android.com/jetpack/androidx/releases/compose-ui#1.1.0-beta03">Compose UI Version 1.1.0-beta03</a></li>
<li><a href="https://developer.android.com/jetpack/androidx/releases/coordinatorlayout#1.2.0-beta01">CoordinatorLayout Version 1.2.0-beta01</a></li>
<li><a href="https://developer.android.com/jetpack/androidx/releases/emoji2#1.0.0">Emoji2 Version 1.0.0</a></li>
<li><a href="https://developer.android.com/jetpack/androidx/releases/fragment#1.4.0">Fragment Version 1.4.0</a></li>
<li><a href="https://developer.android.com/jetpack/androidx/releases/games#games-activity-1.1.0-beta01">Games-Activity Version 1.1.0-beta01</a></li>
<li><a href="https://developer.android.com/jetpack/androidx/releases/hilt#hilt-navigation-compose-1.0.0-beta01">Hilt-Navigation-Compose Version 1.0.0-beta01</a></li>
<li><a href="https://developer.android.com/jetpack/androidx/releases/leanback#1.2.0-alpha02">Leanback Leanback-Preference Version 1.2.0-alpha02</a></li>
<li><a href="https://developer.android.com/jetpack/androidx/releases/leanback#leanback-grid-1.0.0-alpha01">Leanback-Grid Version 1.0.0-alpha01</a></li>
<li><a href="https://developer.android.com/jetpack/androidx/releases/leanback#leanback-paging-1.1.0-alpha09">Leanback-Paging Version 1.1.0-alpha09</a></li>
<li><a href="https://developer.android.com/jetpack/androidx/releases/paging#3.1.0">Paging Version 3.1.0</a></li>
<li><a href="https://developer.android.com/jetpack/androidx/releases/preference#1.2.0-beta01">Preference Version 1.2.0-beta01</a></li>
<li><a href="https://developer.android.com/jetpack/androidx/releases/profileinstaller#1.1.0-beta03">ProfileInstaller Version 1.1.0-beta03</a></li>
<li><a href="https://developer.android.com/jetpack/androidx/releases/room#2.4.0-beta02">Room Version 2.4.0-beta02</a></li>
<li><a href="https://developer.android.com/jetpack/androidx/releases/tracing#1.1.0-alpha02">Tracing Version 1.1.0-alpha02</a></li>
<li><a href="https://developer.android.com/jetpack/androidx/releases/wear-compose#1.0.0-alpha11">Wear Compose Version 1.0.0-alpha11</a></li>
<li><a href="https://developer.android.com/jetpack/androidx/releases/window#1.0.0-beta04">Window Version 1.0.0-beta04</a></li>
<li><a href="https://developer.android.com/jetpack/androidx/releases/work#2.7.1">WorkManager Version 2.7.1</a></li></ul>]]>
    </content>
  </entry>

  <entry>
    <title>November 16, 2021</title>
    <id>tag:google.com,2016:androidx-release-notes#november_16_2021</id>
    <updated>2021-11-16T00:00:00+00:00</updated>
    <link rel="alternate" href="https://developer.android.com/jetpack/androidx/versions/all-channel#november_16_2021"/>
    <content type="html"><![CDATA[<ul><li><a href="https://developer.android.com/jetpack/androidx/releases/constraintlayout#2.1.2">ConstraintLayout 2.1.2</a></li>
<li><a href="https://developer.android.com/jetpack/androidx/releases/constraintlayout#constraintlayout-compose-1.0.0-rc02">Compose ConstraintLayout 1.0.0-rc02</a></li></ul>]]>
    </content>
  </entry>

  <entry>
    <title>November 8, 2021</title>
    <id>tag:google.com,2016:androidx-release-notes#november_8_2021</id>
    <updated>2021-11-08T00:00:00+00:00</updated>
    <link rel="alternate" href="https://developer.android.com/jetpack/androidx/versions/all-channel#november_8_2021"/>
    <content type="html"><![CDATA[<ul><li><a href="https://developer.android.com/jetpack/androidx/releases/test#annotation-1.0.0-beta01">Test Annotation Version 1.0.0-beta01</a></li>
<li><a href="https://developer.android.com/jetpack/androidx/releases/test#monitor-1.5.0-beta01">Test Monitor Version 1.5.0-beta01</a></li>
<li><a href="https://developer.android.com/jetpack/androidx/releases/test#orchestrator-1.4.1-beta01">Test Orchestrator Version 1.4.1-beta01</a></li>
<li><a href="https://developer.android.com/jetpack/androidx/releases/test#services-1.4.1-beta01">Test Services Version 1.4.1-beta01</a></li></ul>]]>
    </content>
  </entry>

  <entry>
    <title>November 3, 2021</title>
    <id>tag:google.com,2016:androidx-release-notes#november_3_2021</id>
    <updated>2021-11-03T00:00:00+00:00</updated>
    <link rel="alternate" href="https://developer.android.com/jetpack/androidx/versions/all-channel#november_3_2021"/>
    <content type="html"><![CDATA[<ul><li><a href="https://developer.android.com/jetpack/androidx/releases/annotation#annotation-1.3.0">Annotation Version 1.3.0</a></li>
<li><a href="https://developer.android.com/jetpack/androidx/releases/appsearch#1.0.0-alpha04">AppSearch Version 1.0.0-alpha04</a></li>
<li><a href="https://developer.android.com/jetpack/androidx/releases/benchmark#1.1.0-alpha11">Benchmark Version 1.1.0-alpha11</a></li>
<li><a href="https://developer.android.com/jetpack/androidx/releases/browser#1.4.0">Browser Version 1.4.0</a></li>
<li><a href="https://developer.android.com/jetpack/androidx/releases/car-app#1.1.0-rc01">Car App Version 1.1.0-rc01</a></li>
<li><a href="https://developer.android.com/jetpack/androidx/releases/car-app#1.2.0-alpha01">Car App Version 1.2.0-alpha01</a></li>
<li><a href="https://developer.android.com/jetpack/androidx/releases/compose-animation#1.0.5">Compose Animation Version 1.0.5</a></li>
<li><a href="https://developer.android.com/jetpack/androidx/releases/compose-compiler#1.0.5">Compose Compiler Version 1.0.5</a></li>
<li><a href="https://developer.android.com/jetpack/androidx/releases/compose-foundation#1.0.5">Compose Foundation Version 1.0.5</a></li>
<li><a href="https://developer.android.com/jetpack/androidx/releases/compose-material#1.0.5">Compose Material Version 1.0.5</a></li>
<li><a href="https://developer.android.com/jetpack/androidx/releases/compose-runtime#1.0.5">Compose Runtime Version 1.0.5</a></li>
<li><a href="https://developer.android.com/jetpack/androidx/releases/compose-ui#1.0.5">Compose UI Version 1.0.5</a></li>
<li><a href="https://developer.android.com/jetpack/androidx/releases/compose-animation#1.1.0-beta02">Compose Animation Version 1.1.0-beta02</a></li>
<li><a href="https://developer.android.com/jetpack/androidx/releases/compose-compiler#1.1.0-beta02">Compose Compiler Version 1.1.0-beta02</a></li>
<li><a href="https://developer.android.com/jetpack/androidx/releases/compose-foundation#1.1.0-beta02">Compose Foundation Version 1.1.0-beta02</a></li>
<li><a href="https://developer.android.com/jetpack/androidx/releases/compose-material#1.1.0-beta02">Compose Material Version 1.1.0-beta02</a></li>
<li><a href="https://developer.android.com/jetpack/androidx/releases/compose-runtime#1.1.0-beta02">Compose Runtime Version 1.1.0-beta02</a></li>
<li><a href="https://developer.android.com/jetpack/androidx/releases/compose-ui#1.1.0-beta02">Compose UI Version 1.1.0-beta02</a></li>
<li><a href="https://developer.android.com/jetpack/androidx/releases/coordinatorlayout#1.2.0-alpha01">CoordinatorLayout Version 1.2.0-alpha01</a></li>
<li><a href="https://developer.android.com/jetpack/androidx/releases/fragment#1.4.0-rc01">Fragment Version 1.4.0-rc01</a></li>
<li><a href="https://developer.android.com/jetpack/androidx/releases/health#health-services-client-1.0.0-alpha03">Health-Services-Client Version 1.0.0-alpha03</a></li>
<li><a href="https://developer.android.com/jetpack/androidx/releases/media#media-1.5.0-alpha01">Media Version 1.5.0-alpha01</a></li>
<li><a href="https://developer.android.com/jetpack/androidx/releases/navigation#2.4.0-beta02">Navigation Version 2.4.0-beta02</a></li>
<li><a href="https://developer.android.com/jetpack/androidx/releases/paging#3.1.0-rc01">Paging Version 3.1.0-rc01</a></li>
<li><a href="https://developer.android.com/jetpack/androidx/releases/preference#1.2.0-alpha02">Preference Version 1.2.0-alpha02</a></li>
<li><a href="https://developer.android.com/jetpack/androidx/releases/profileinstaller#1.1.0-beta02">ProfileInstaller Version 1.1.0-beta02</a></li>
<li><a href="https://developer.android.com/jetpack/androidx/releases/resourceinspection#1.0.0">ResourceInspection Version 1.0.0</a></li>
<li><a href="https://developer.android.com/jetpack/androidx/releases/sharetarget#1.2.0-rc01">ShareTarget Version 1.2.0-rc01</a></li>
<li><a href="https://developer.android.com/jetpack/androidx/releases/tracing#1.1.0-alpha01">Tracing Version 1.1.0-alpha01</a></li>
<li><a href="https://developer.android.com/jetpack/androidx/releases/wear-compose#1.0.0-alpha10">Wear Compose Version 1.0.0-alpha10</a></li>
<li><a href="https://developer.android.com/jetpack/androidx/releases/wear-tiles#1.0.0">Wear Tiles Version 1.0.0</a></li>
<li><a href="https://developer.android.com/jetpack/androidx/releases/wear-watchface#1.0.0-rc01">Wear Watchface Version 1.0.0-rc01</a></li></ul>]]>
    </content>
  </entry>

  <entry>
    <title>October 27, 2021</title>
    <id>tag:google.com,2016:androidx-release-notes#october_27_2021</id>
    <updated>2021-10-27T00:00:00+00:00</updated>
    <link rel="alternate" href="https://developer.android.com/jetpack/androidx/versions/all-channel#october_27_2021"/>
    <content type="html"><![CDATA[<ul><li><a href="https://developer.android.com/jetpack/androidx/releases/activity#1.4.0">Activity Version 1.4.0</a></li>
<li><a href="https://developer.android.com/jetpack/androidx/releases/annotation#1.3.0-rc01">Annotation Version 1.3.0-rc01</a></li>
<li><a href="https://developer.android.com/jetpack/androidx/releases/appcompat#1.4.0-rc01">AppCompat AppCompat-Resources Version 1.4.0-rc01</a></li>
<li><a href="https://developer.android.com/jetpack/androidx/releases/benchmark#1.1.0-alpha10">Benchmark Version 1.1.0-alpha10</a></li>
<li><a href="https://developer.android.com/jetpack/androidx/releases/compose-animation#1.1.0-beta01">Compose Animation Version 1.1.0-beta01</a></li>
<li><a href="https://developer.android.com/jetpack/androidx/releases/compose-compiler#1.1.0-beta01">Compose Compiler Version 1.1.0-beta01</a></li>
<li><a href="https://developer.android.com/jetpack/androidx/releases/compose-foundation#1.1.0-beta01">Compose Foundation Version 1.1.0-beta01</a></li>
<li><a href="https://developer.android.com/jetpack/androidx/releases/compose-material#1.1.0-beta01">Compose Material Version 1.1.0-beta01</a></li>
<li><a href="https://developer.android.com/jetpack/androidx/releases/compose-material3#1.0.0-alpha01">Compose Material 3 Version 1.0.0-alpha01</a></li>
<li><a href="https://developer.android.com/jetpack/androidx/releases/compose-runtime#1.1.0-beta01">Compose Runtime Version 1.1.0-beta01</a></li>
<li><a href="https://developer.android.com/jetpack/androidx/releases/compose-ui#1.1.0-beta01">Compose UI Version 1.1.0-beta01</a></li>
<li><a href="https://developer.android.com/jetpack/androidx/releases/core#1.7.0">Core Version 1.7.0</a></li>
<li><a href="https://developer.android.com/jetpack/androidx/releases/emoji2#1.0.0-rc01">Emoji2 Version 1.0.0-rc01</a></li>
<li><a href="https://developer.android.com/jetpack/androidx/releases/fragment#1.4.0-beta01">Fragment Version 1.4.0-beta01</a></li>
<li><a href="https://developer.android.com/jetpack/androidx/releases/lifecycle#2.4.0">Lifecycle Version 2.4.0</a></li>
<li><a href="https://developer.android.com/jetpack/androidx/releases/media3#1.0.0-alpha01">Media3 Version 1.0.0-alpha01</a></li>
<li><a href="https://developer.android.com/jetpack/androidx/releases/navigation#2.4.0-beta01">Navigation Version 2.4.0-beta01</a></li>
<li><a href="https://developer.android.com/jetpack/androidx/releases/preference#1.2.0-alpha01">Preference Version 1.2.0-alpha01</a></li>
<li><a href="https://developer.android.com/jetpack/androidx/releases/profileinstaller#1.1.0-beta01">ProfileInstaller Version 1.1.0-beta01</a></li>
<li><a href="https://developer.android.com/jetpack/androidx/releases/resourceinspection#1.0.0-rc01">ResourceInspection Version 1.0.0-rc01</a></li>
<li><a href="https://developer.android.com/jetpack/androidx/releases/wear-compose#1.0.0-alpha09">Wear Compose Version 1.0.0-alpha09</a></li>
<li><a href="https://developer.android.com/jetpack/androidx/releases/wear-tiles#1.0.0-rc01">Wear Tiles Version 1.0.0-rc01</a></li>
<li><a href="https://developer.android.com/jetpack/androidx/releases/wear-watchface#1.0.0-beta01">Wear Watchface Version 1.0.0-beta01</a></li>
<li><a href="https://developer.android.com/jetpack/androidx/releases/window#1.0.0-beta03">Window Version 1.0.0-beta03</a></li></ul>]]>
    </content>
  </entry>

  <entry>
    <title>October 13, 2021</title>
    <id>tag:google.com,2016:androidx-release-notes#october_13_2021</id>
    <updated>2021-10-13T00:00:00+00:00</updated>
    <link rel="alternate" href="https://developer.android.com/jetpack/androidx/versions/all-channel#october_13_2021"/>
    <content type="html"><![CDATA[<ul><li><a href="https://developer.android.com/jetpack/androidx/releases/activity#1.4.0-rc01">Activity Version 1.4.0-rc01</a></li>
<li><a href="https://developer.android.com/jetpack/androidx/releases/benchmark#1.1.0-alpha09">Benchmark Version 1.1.0-alpha09</a></li>
<li><a href="https://developer.android.com/jetpack/androidx/releases/browser#1.4.0-rc01">Browser Version 1.4.0-rc01</a></li>
<li><a href="https://developer.android.com/jetpack/androidx/releases/camera#1.1.0-alpha10">Camera Version 1.1.0-alpha10</a></li>
<li><a href="https://developer.android.com/jetpack/androidx/releases/camera#1.0.0-alpha30">Camera Version 1.0.0-alpha30</a></li>
<li><a href="https://developer.android.com/jetpack/androidx/releases/collection#1.2.0-beta01">Collection Version 1.2.0-beta01</a></li>
<li><a href="https://developer.android.com/jetpack/androidx/releases/compose-animation#1.0.4">Compose Animation Version 1.0.4</a></li>
<li><a href="https://developer.android.com/jetpack/androidx/releases/compose-compiler#1.0.4">Compose Compiler Version 1.0.4</a></li>
<li><a href="https://developer.android.com/jetpack/androidx/releases/compose-foundation#1.0.4">Compose Foundation Version 1.0.4</a></li>
<li><a href="https://developer.android.com/jetpack/androidx/releases/compose-material#1.0.4">Compose Material Version 1.0.4</a></li>
<li><a href="https://developer.android.com/jetpack/androidx/releases/compose-runtime#1.0.4">Compose Runtime Version 1.0.4</a></li>
<li><a href="https://developer.android.com/jetpack/androidx/releases/compose-ui#1.0.4">Compose UI Version 1.0.4</a></li>
<li><a href="https://developer.android.com/jetpack/androidx/releases/compose-animation#1.1.0-alpha06">Compose Animation Version 1.1.0-alpha06</a></li>
<li><a href="https://developer.android.com/jetpack/androidx/releases/compose-compiler#1.1.0-alpha06">Compose Compiler Version 1.1.0-alpha06</a></li>
<li><a href="https://developer.android.com/jetpack/androidx/releases/compose-foundation#1.1.0-alpha06">Compose Foundation Version 1.1.0-alpha06</a></li>
<li><a href="https://developer.android.com/jetpack/androidx/releases/compose-material#1.1.0-alpha06">Compose Material Version 1.1.0-alpha06</a></li>
<li><a href="https://developer.android.com/jetpack/androidx/releases/compose-runtime#1.1.0-alpha06">Compose Runtime Version 1.1.0-alpha06</a></li>
<li><a href="https://developer.android.com/jetpack/androidx/releases/compose-ui#1.1.0-alpha06">Compose UI Version 1.1.0-alpha06</a></li>
<li><a href="https://developer.android.com/jetpack/androidx/releases/core#1.7.0-rc01">Core Version 1.7.0-rc01</a></li>
<li><a href="https://developer.android.com/jetpack/androidx/releases/games#games-frame-pacing-1.9.1">Games-Frame-Pacing Version 1.9.1</a></li>
<li><a href="https://developer.android.com/jetpack/androidx/releases/games#games-text-input-1.1.0-alpha01">Games-Text-Input Version 1.1.0-alpha01</a></li>
<li><a href="https://developer.android.com/jetpack/androidx/releases/media#media-1.4.3">Media Version 1.4.3</a></li>
<li><a href="https://developer.android.com/jetpack/androidx/releases/paging#3.1.0-beta01">Paging Version 3.1.0-beta01</a></li>
<li><a href="https://developer.android.com/jetpack/androidx/releases/paging#1.0.0-alpha14">Paging Compose Version 1.0.0-alpha14</a></li>
<li><a href="https://developer.android.com/jetpack/androidx/releases/profileinstaller#1.0.4">ProfileInstaller Version 1.0.4</a></li>
<li><a href="https://developer.android.com/jetpack/androidx/releases/profileinstaller#1.1.0-alpha07">ProfileInstaller Version 1.1.0-alpha07</a></li>
<li><a href="https://developer.android.com/jetpack/androidx/releases/room#2.4.0-beta01">Room Version 2.4.0-beta01</a></li>
<li><a href="https://developer.android.com/jetpack/androidx/releases/sqlite#2.2.0-beta01">Sqlite Version 2.2.0-beta01</a></li>
<li><a href="https://developer.android.com/jetpack/androidx/releases/wear-compose#1.0.0-alpha08">Wear Compose Version 1.0.0-alpha08</a></li>
<li><a href="https://developer.android.com/jetpack/androidx/releases/wear-tiles#1.0.0-beta01">Wear Tiles Version 1.0.0-beta01</a></li>
<li><a href="https://developer.android.com/jetpack/androidx/releases/wear-watchface#1.0.0-alpha24">Wear Watchface Version 1.0.0-alpha24</a></li>
<li><a href="https://developer.android.com/jetpack/androidx/releases/work#2.7.0">WorkManager Version 2.7.0</a></li></ul>]]>
    </content>
  </entry>

  <entry>
    <title>October 4, 2021</title>
    <id>tag:google.com,2016:androidx-release-notes#october_4_2021</id>
    <updated>2021-10-04T00:00:00+00:00</updated>
    <link rel="alternate" href="https://developer.android.com/jetpack/androidx/versions/all-channel#october_4_2021"/>
    <content type="html"><![CDATA[<ul><li><a href="https://developer.android.com/jetpack/androidx/releases/test#annotation-1.0.0-alpha02">Test Annotation Version 1.0.0-alpha02</a></li>
<li><a href="https://developer.android.com/jetpack/androidx/releases/test#core-1.4.1-alpha03">Test Core Version 1.4.1-alpha03</a></li>
<li><a href="https://developer.android.com/jetpack/androidx/releases/test#espresso-3.5.0-alpha03">Test Espresso Version 3.5.0-alpha03</a></li>
<li><a href="https://developer.android.com/jetpack/androidx/releases/test#ext.junit-1.1.4-alpha03">Test Ext JUnit Version 1.1.4-alpha03</a></li>
<li><a href="https://developer.android.com/jetpack/androidx/releases/test#ext.truth-1.5.0-alpha03">Test Ext Truth Version 1.5.0-alpha03</a></li>
<li><a href="https://developer.android.com/jetpack/androidx/releases/test#monitor-1.5.0-alpha03">Test Monitor Version 1.5.0-alpha03</a></li>
<li><a href="https://developer.android.com/jetpack/androidx/releases/test#orchestrator-1.4.1-alpha03">Test Orchestrator Version 1.4.1-alpha03</a></li>
<li><a href="https://developer.android.com/jetpack/androidx/releases/test#rules-1.4.1-alpha03">Test Rules Version 1.4.1-alpha03</a></li>
<li><a href="https://developer.android.com/jetpack/androidx/releases/test#monitor-1.4.1-alpha03">Test Runner Version 1.5.0-alpha03</a></li>
<li><a href="https://developer.android.com/jetpack/androidx/releases/test#services-1.4.1-alpha03">Test Services Version 1.4.1-alpha03</a></li></ul>]]>
    </content>
  </entry>

  <entry>
    <title>September 29, 2021</title>
    <id>tag:google.com,2016:androidx-release-notes#september_29_2021</id>
    <updated>2021-09-29T00:00:00+00:00</updated>
    <link rel="alternate" href="https://developer.android.com/jetpack/androidx/versions/all-channel#september_29_2021"/>
    <content type="html"><![CDATA[<ul><li><a href="https://developer.android.com/jetpack/androidx/releases/activity#1.4.0-beta01">Activity Version 1.4.0-beta01</a></li>
<li><a href="https://developer.android.com/jetpack/androidx/releases/annotation#annotation-1.3.0-beta01">Annotation Version 1.3.0-beta01</a></li>
<li><a href="https://developer.android.com/jetpack/androidx/releases/appcompat#1.4.0-beta01">AppCompat AppCompat-Resources Version 1.4.0-beta01</a></li>
<li><a href="https://developer.android.com/jetpack/androidx/releases/benchmark#1.1.0-alpha08">Benchmark Version 1.1.0-alpha08</a></li>
<li><a href="https://developer.android.com/jetpack/androidx/releases/browser#1.4.0-beta01">Browser Version 1.4.0-beta01</a></li>
<li><a href="https://developer.android.com/jetpack/androidx/releases/camera#1.0.2">Camera Version 1.0.2</a></li>
<li><a href="https://developer.android.com/jetpack/androidx/releases/camera#1.1.0-alpha09">Camera Version 1.1.0-alpha09</a></li>
<li><a href="https://developer.android.com/jetpack/androidx/releases/camera#1.0.0-alpha29">Camera Version 1.0.0-alpha29</a></li>
<li><a href="https://developer.android.com/jetpack/androidx/releases/compose-animation#1.0.3">Compose Animation Version 1.0.3</a></li>
<li><a href="https://developer.android.com/jetpack/androidx/releases/compose-compiler#1.0.3">Compose Compiler Version 1.0.3</a></li>
<li><a href="https://developer.android.com/jetpack/androidx/releases/compose-foundation#1.0.3">Compose Foundation Version 1.0.3</a></li>
<li><a href="https://developer.android.com/jetpack/androidx/releases/compose-material#1.0.3">Compose Material Version 1.0.3</a></li>
<li><a href="https://developer.android.com/jetpack/androidx/releases/compose-runtime#1.0.3">Compose Runtime Version 1.0.3</a></li>
<li><a href="https://developer.android.com/jetpack/androidx/releases/compose-ui#1.0.3">Compose UI Version 1.0.3</a></li>
<li><a href="https://developer.android.com/jetpack/androidx/releases/compose-animation#1.1.0-alpha05">Compose Animation Version 1.1.0-alpha05</a></li>
<li><a href="https://developer.android.com/jetpack/androidx/releases/compose-compiler#1.1.0-alpha05">Compose Compiler Version 1.1.0-alpha05</a></li>
<li><a href="https://developer.android.com/jetpack/androidx/releases/compose-foundation#1.1.0-alpha05">Compose Foundation Version 1.1.0-alpha05</a></li>
<li><a href="https://developer.android.com/jetpack/androidx/releases/compose-material#1.1.0-alpha05">Compose Material Version 1.1.0-alpha05</a></li>
<li><a href="https://developer.android.com/jetpack/androidx/releases/compose-runtime#1.1.0-alpha05">Compose Runtime Version 1.1.0-alpha05</a></li>
<li><a href="https://developer.android.com/jetpack/androidx/releases/compose-ui#1.1.0-alpha05">Compose UI Version 1.1.0-alpha05</a></li>
<li><a href="https://developer.android.com/jetpack/androidx/releases/core#core-1.7.0-beta02">Core Version 1.7.0-beta02</a></li>
<li><a href="https://developer.android.com/jetpack/androidx/releases/core#core-splashscreen-1.0.0-alpha02">Core-Splashscreen Version 1.0.0-alpha02</a></li>
<li><a href="https://developer.android.com/jetpack/androidx/releases/fragment#1.4.0-alpha10">Fragment Version 1.4.0-alpha10</a></li>
<li><a href="https://developer.android.com/jetpack/androidx/releases/games#games-activity-1.1.0-alpha01">Games-Activity Version 1.1.0-alpha01</a></li>
<li><a href="https://developer.android.com/jetpack/androidx/releases/games#games-performance-tuner-1.5.0-beta01">Games-Performance-Tuner Version 1.5.0-beta01</a></li>
<li><a href="https://developer.android.com/jetpack/androidx/releases/health#health-services-client-1.0.0-alpha02">Health-Services-Client Version 1.0.0-alpha02</a></li>
<li><a href="https://developer.android.com/jetpack/androidx/releases/lifecycle#2.4.0-rc01">Lifecycle Version 2.4.0-rc01</a></li>
<li><a href="https://developer.android.com/jetpack/androidx/releases/navigation#2.4.0-alpha10">Navigation Version 2.4.0-alpha10</a></li>
<li><a href="https://developer.android.com/jetpack/androidx/releases/paging#3.1.0-alpha04">Paging Version 3.1.0-alpha04</a></li>
<li><a href="https://developer.android.com/jetpack/androidx/releases/paging#1.0.0-alpha13">Paging Compose Version 1.0.0-alpha13</a></li>
<li><a href="https://developer.android.com/jetpack/androidx/releases/profileinstaller#1.0.3">ProfileInstaller Version 1.0.3</a></li>
<li><a href="https://developer.android.com/jetpack/androidx/releases/profileinstaller#1.1.0-alpha06">ProfileInstaller Version 1.1.0-alpha06</a></li>
<li><a href="https://developer.android.com/jetpack/androidx/releases/room#2.4.0-alpha05">Room Version 2.4.0-alpha05</a></li>
<li><a href="https://developer.android.com/jetpack/androidx/releases/wear#wear-1.3.0-alpha01">Wear Version 1.3.0-alpha01</a></li>
<li><a href="https://developer.android.com/jetpack/androidx/releases/wear#1.2.0-alpha02">Wear-Input Wear-Input-Testing Version 1.2.0-alpha02</a></li>
<li><a href="https://developer.android.com/jetpack/androidx/releases/wear-compose#1.0.0-alpha07">Wear Compose Version 1.0.0-alpha07</a></li>
<li><a href="https://developer.android.com/jetpack/androidx/releases/wear-tiles#1.0.0-alpha12">Wear Tiles Version 1.0.0-alpha12</a></li>
<li><a href="https://developer.android.com/jetpack/androidx/releases/wear-watchface#1.0.0-alpha23">Wear Watchface Version 1.0.0-alpha23</a></li>
<li><a href="https://developer.android.com/jetpack/androidx/releases/work#2.7.0-rc01">WorkManager Version 2.7.0-rc01</a></li></ul>]]>
    </content>
  </entry>

  <entry>
    <title>September 28, 2021</title>
    <id>tag:google.com,2016:androidx-release-notes#september_28_2021</id>
    <updated>2021-09-28T00:00:00+00:00</updated>
    <link rel="alternate" href="https://developer.android.com/jetpack/androidx/versions/all-channel#september_28_2021"/>
    <content type="html"><![CDATA[<ul><li><a href="https://developer.android.com/jetpack/androidx/releases/test#annotation-1.0.0-alpha01">Test Annotation Version 1.0.0-alpha01</a></li>
<li><a href="https://developer.android.com/jetpack/androidx/releases/test#core-1.4.1-alpha02">Test Core Version 1.4.1-alpha02</a></li>
<li><a href="https://developer.android.com/jetpack/androidx/releases/test#espresso-3.5.0-alpha02">Test Espresso Version 3.5.0-alpha02</a></li>
<li><a href="https://developer.android.com/jetpack/androidx/releases/test#ext.junit-1.1.4-alpha02">Test Ext JUnit Version 1.1.4-alpha02</a></li>
<li><a href="https://developer.android.com/jetpack/androidx/releases/test#ext.truth-1.5.0-alpha02">Test Ext Truth Version 1.5.0-alpha02</a></li>
<li><a href="https://developer.android.com/jetpack/androidx/releases/test#monitor-1.5.0-alpha02">Test Monitor Version 1.5.0-alpha02</a></li>
<li><a href="https://developer.android.com/jetpack/androidx/releases/test#orchestrator-1.4.1-alpha02">Test Orchestrator Version 1.4.1-alpha02</a></li>
<li><a href="https://developer.android.com/jetpack/androidx/releases/test#rules-1.4.1-alpha02">Test Rules Version 1.4.1-alpha02</a></li>
<li><a href="https://developer.android.com/jetpack/androidx/releases/test#monitor-1.4.1-alpha02">Test Runner Version 1.5.0-alpha02</a></li>
<li><a href="https://developer.android.com/jetpack/androidx/releases/test#services-1.4.1-alpha02">Test Services Version 1.4.1-alpha02</a></li></ul>]]>
    </content>
  </entry>

  <entry>
    <title>September 27, 2021</title>
    <id>tag:google.com,2016:androidx-release-notes#september_27_2021</id>
    <updated>2021-09-27T00:00:00+00:00</updated>
    <link rel="alternate" href="https://developer.android.com/jetpack/androidx/versions/all-channel#september_27_2021"/>
    <content type="html"><![CDATA[<ul><li><a href="https://developer.android.com/jetpack/androidx/releases/constraintlayout#2.1.1">ConstraintLayout 2.1.1</a></li></ul>]]>
    </content>
  </entry>

  <entry>
    <title>September 15, 2021</title>
    <id>tag:google.com,2016:androidx-release-notes#september_15_2021</id>
    <updated>2021-09-15T00:00:00+00:00</updated>
    <link rel="alternate" href="https://developer.android.com/jetpack/androidx/versions/all-channel#september_15_2021"/>
    <content type="html"><![CDATA[<ul><li><a href="https://developer.android.com/jetpack/androidx/releases/activity#1.4.0-alpha02">Activity Version 1.4.0-alpha02</a></li>
<li><a href="https://developer.android.com/jetpack/androidx/releases/browser#1.4.0-alpha01">Browser Version 1.4.0-alpha01</a></li>
<li><a href="https://developer.android.com/jetpack/androidx/releases/compose-animation#1.1.0-alpha04">Compose Animation Version 1.1.0-alpha04</a></li>
<li><a href="https://developer.android.com/jetpack/androidx/releases/compose-compiler#1.1.0-alpha04">Compose Compiler Version 1.1.0-alpha04</a></li>
<li><a href="https://developer.android.com/jetpack/androidx/releases/compose-foundation#1.1.0-alpha04">Compose Foundation Version 1.1.0-alpha04</a></li>
<li><a href="https://developer.android.com/jetpack/androidx/releases/compose-material#1.1.0-alpha04">Compose Material Version 1.1.0-alpha04</a></li>
<li><a href="https://developer.android.com/jetpack/androidx/releases/compose-runtime#1.1.0-alpha04">Compose Runtime Version 1.1.0-alpha04</a></li>
<li><a href="https://developer.android.com/jetpack/androidx/releases/compose-ui#1.1.0-alpha04">Compose UI Version 1.1.0-alpha04</a></li>
<li><a href="https://developer.android.com/jetpack/androidx/releases/core#1.7.0-beta01">Core Core-Ktx Version 1.7.0-beta01</a></li>
<li><a href="https://developer.android.com/jetpack/androidx/releases/emoji2#1.0.0-beta01">Emoji2 Version 1.0.0-beta01</a></li>
<li><a href="https://developer.android.com/jetpack/androidx/releases/fragment#1.4.0-alpha09">Fragment Version 1.4.0-alpha09</a></li>
<li><a href="https://developer.android.com/jetpack/androidx/releases/lifecycle#2.4.0-beta01">Lifecycle Version 2.4.0-beta01</a></li>
<li><a href="https://developer.android.com/jetpack/androidx/releases/media#media-1.4.2">Media Version 1.4.2</a></li>
<li><a href="https://developer.android.com/jetpack/androidx/releases/media2#1.2.0">Media2 Version 1.2.0</a></li>
<li><a href="https://developer.android.com/jetpack/androidx/releases/navigation#2.4.0-alpha09">Navigation Version 2.4.0-alpha09</a></li>
<li><a href="https://developer.android.com/jetpack/androidx/releases/profileinstaller#1.1.0-alpha05">ProfileInstaller Version 1.1.0-alpha05</a></li>
<li><a href="https://developer.android.com/jetpack/androidx/releases/recyclerview#recyclerview-1.3.0-alpha01">RecyclerView Version 1.3.0-alpha01</a></li>
<li><a href="https://developer.android.com/jetpack/androidx/releases/resourceinspection#1.0.0-beta01">ResourceInspection Version 1.0.0-beta01</a></li>
<li><a href="https://developer.android.com/jetpack/androidx/releases/viewpager#1.1.0-alpha01">ViewPager Version 1.1.0-alpha01</a></li>
<li><a href="https://developer.android.com/jetpack/androidx/releases/wear#complications-watchface-1.0.0-alpha22">Wear Complications &amp; Watchface Version 1.0.0-alpha22</a></li>
<li><a href="https://developer.android.com/jetpack/androidx/releases/wear#1.2.0-alpha01">Wear-Input Wear-Input-Testing Version 1.2.0-alpha01</a></li>
<li><a href="https://developer.android.com/jetpack/androidx/releases/wear#wear-phone-interactions-1.1.0-alpha01">Wear-Phone-Interactions Version 1.1.0-alpha01</a></li>
<li><a href="https://developer.android.com/jetpack/androidx/releases/wear#wear-1.2.0">Wear Version 1.2.0</a></li>
<li><a href="https://developer.android.com/jetpack/androidx/releases/wear#1.0.0">Wear-Phone-Interactions Wear-Remote-Interactions Version 1.0.0</a></li>
<li><a href="https://developer.android.com/jetpack/androidx/releases/wear-compose#1.0.0-alpha06">Wear Compose Version 1.0.0-alpha06</a></li></ul>]]>
    </content>
  </entry>

  <entry>
    <title>September 1, 2021</title>
    <id>tag:google.com,2016:androidx-release-notes#september_1_2021</id>
    <updated>2021-09-01T00:00:00+00:00</updated>
    <link rel="alternate" href="https://developer.android.com/jetpack/androidx/versions/all-channel#september_1_2021"/>
    <content type="html"><![CDATA[<ul><li><a href="https://developer.android.com/jetpack/androidx/releases/activity#1.4.0-alpha01">Activity Version 1.4.0-alpha01</a></li>
<li><a href="https://developer.android.com/jetpack/androidx/releases/benchmark#1.1.0-alpha07">Benchmark Version 1.1.0-alpha07</a></li>
<li><a href="https://developer.android.com/jetpack/androidx/releases/car-app#1.1.0-beta01">Car App Version 1.1.0-beta01</a></li>
<li><a href="https://developer.android.com/jetpack/androidx/releases/compose-animation#1.0.2">Compose Animation Version 1.0.2</a></li>
<li><a href="https://developer.android.com/jetpack/androidx/releases/compose-animation#1.1.0-alpha03">Compose Animation Version 1.1.0-alpha03</a></li>
<li><a href="https://developer.android.com/jetpack/androidx/releases/compose-compiler#1.0.2">Compose Compiler Version 1.0.2</a></li>
<li><a href="https://developer.android.com/jetpack/androidx/releases/compose-compiler#1.1.0-alpha03">Compose Compiler Version 1.1.0-alpha03</a></li>
<li><a href="https://developer.android.com/jetpack/androidx/releases/compose-foundation#1.0.2">Compose Foundation Version 1.0.2</a></li>
<li><a href="https://developer.android.com/jetpack/androidx/releases/compose-foundation#1.1.0-alpha03">Compose Foundation Version 1.1.0-alpha03</a></li>
<li><a href="https://developer.android.com/jetpack/androidx/releases/compose-material#1.0.2">Compose Material Version 1.0.2</a></li>
<li><a href="https://developer.android.com/jetpack/androidx/releases/compose-material#1.1.0-alpha03">Compose Material Version 1.1.0-alpha03</a></li>
<li><a href="https://developer.android.com/jetpack/androidx/releases/compose-runtime#1.0.2">Compose Runtime Version 1.0.2</a></li>
<li><a href="https://developer.android.com/jetpack/androidx/releases/compose-runtime#1.1.0-alpha03">Compose Runtime Version 1.1.0-alpha03</a></li>
<li><a href="https://developer.android.com/jetpack/androidx/releases/compose-ui#1.0.2">Compose UI Version 1.0.2</a></li>
<li><a href="https://developer.android.com/jetpack/androidx/releases/compose-ui#1.1.0-alpha03">Compose UI Version 1.1.0-alpha03</a></li>
<li><a href="https://developer.android.com/jetpack/androidx/releases/core#1.7.0-alpha02">Core Core-Ktx Version 1.7.0-alpha02</a></li>
<li><a href="https://developer.android.com/jetpack/androidx/releases/fragment#1.4.0-alpha08">Fragment Version 1.4.0-alpha08</a></li>
<li><a href="https://developer.android.com/jetpack/androidx/releases/media2#1.2.0-rc01">Media2 Version 1.2.0-rc01</a></li>
<li><a href="https://developer.android.com/jetpack/androidx/releases/mediarouter#1.2.5">Mediarouter Version 1.2.5</a></li>
<li><a href="https://developer.android.com/jetpack/androidx/releases/navigation#2.4.0-alpha08">Navigation Version 2.4.0-alpha08</a></li>
<li><a href="https://developer.android.com/jetpack/androidx/releases/profileinstaller#1.0.2">ProfileInstaller Version 1.0.2</a></li>
<li><a href="https://developer.android.com/jetpack/androidx/releases/profileinstaller#1.1.0-alpha04">ProfileInstaller Version 1.1.0-alpha04</a></li>
<li><a href="https://developer.android.com/jetpack/androidx/releases/security#security-identity-credential-1.0.0-alpha03">Security-Identity-Credential Version 1.0.0-alpha03</a></li>
<li><a href="https://developer.android.com/jetpack/androidx/releases/sharetarget#1.2.0-beta01">ShareTarget Version 1.2.0-beta01</a></li>
<li><a href="https://developer.android.com/jetpack/androidx/releases/slidingpanelayout#1.2.0-beta01">SlidingPaneLayout Version 1.2.0-beta01</a></li>
<li><a href="https://developer.android.com/jetpack/androidx/releases/wear#complications-watchface-1.0.0-alpha21">Wear Complications &amp; Watchface Version 1.0.0-alpha21</a></li>
<li><a href="https://developer.android.com/jetpack/androidx/releases/wear#1.2.0-rc01">Wear Version 1.2.0-rc01</a></li>
<li><a href="https://developer.android.com/jetpack/androidx/releases/wear#wear-ongoing-1.0.0">Wear-Ongoing Version 1.0.0</a></li>
<li><a href="https://developer.android.com/jetpack/androidx/releases/wear#1.0.0-rc01">Wear-Phone-Interactions Wear-Remote-Interactions Version 1.0.0-rc01</a></li>
<li><a href="https://developer.android.com/jetpack/androidx/releases/wear-compose#1.0.0-alpha05">Wear Compose Version 1.0.0-alpha05</a></li>
<li><a href="https://developer.android.com/jetpack/androidx/releases/wear-tiles#1.0.0-alpha11">Wear Tiles Version 1.0.0-alpha11</a></li>
<li><a href="https://developer.android.com/jetpack/androidx/releases/window#1.0.0-beta02">Window Version 1.0.0-beta02</a></li>
<li><a href="https://developer.android.com/jetpack/androidx/releases/work#2.7.0-beta01">WorkManager Version 2.7.0-beta01</a></li>
<li><a href="https://developer.android.com/jetpack/androidx/releases/work#2.6.0">WorkManager Version 2.6.0</a></li></ul>]]>
    </content>
  </entry>

  <entry>
    <title>August 18, 2021</title>
    <id>tag:google.com,2016:androidx-release-notes#august_18_2021</id>
    <updated>2021-08-18T00:00:00+00:00</updated>
    <link rel="alternate" href="https://developer.android.com/jetpack/androidx/versions/all-channel#august_18_2021"/>
    <content type="html"><![CDATA[<ul><li><a href="https://developer.android.com/jetpack/androidx/releases/benchmark#1.1.0-alpha06">Benchmark Version 1.1.0-alpha06</a></li>
<li><a href="https://developer.android.com/jetpack/androidx/releases/camera#1.1.0-alpha08">Camera Version 1.1.0-alpha08</a></li>
<li><a href="https://developer.android.com/jetpack/androidx/releases/camera#extensions-view-1.0.0-alpha28">Camera Version 1.0.0-alpha28</a></li>
<li><a href="https://developer.android.com/jetpack/androidx/releases/compose-animation#1.1.0-alpha02">Compose Animation Version 1.1.0-alpha02</a></li>
<li><a href="https://developer.android.com/jetpack/androidx/releases/compose-compiler#1.1.0-alpha02">Compose Compiler Version 1.1.0-alpha02</a></li>
<li><a href="https://developer.android.com/jetpack/androidx/releases/compose-foundation#1.1.0-alpha02">Compose Foundation Version 1.1.0-alpha02</a></li>
<li><a href="https://developer.android.com/jetpack/androidx/releases/compose-material#1.1.0-alpha02">Compose Material Version 1.1.0-alpha02</a></li>
<li><a href="https://developer.android.com/jetpack/androidx/releases/compose-runtime#1.1.0-alpha02">Compose Runtime Version 1.1.0-alpha02</a></li>
<li><a href="https://developer.android.com/jetpack/androidx/releases/compose-ui#1.1.0-alpha02">Compose UI Version 1.1.0-alpha02</a></li>
<li><a href="https://developer.android.com/jetpack/androidx/releases/documentfile#1.1.0-alpha01">DocumentFile Version 1.1.0-alpha01</a></li>
<li><a href="https://developer.android.com/jetpack/androidx/releases/fragment#1.4.0-alpha07">Fragment Version 1.4.0-alpha07</a></li>
<li><a href="https://developer.android.com/jetpack/androidx/releases/games#games-performance-tuner-1.5.0-alpha01">Games-Performance-Tuner Version 1.5.0-alpha01</a></li>
<li><a href="https://developer.android.com/jetpack/androidx/releases/navigation#2.4.0-alpha07">Navigation Version 2.4.0-alpha07</a></li>
<li><a href="https://developer.android.com/jetpack/androidx/releases/profileinstaller#1.1.0-alpha03">ProfileInstaller Version 1.1.0-alpha03</a></li>
<li><a href="https://developer.android.com/jetpack/androidx/releases/slidingpanelayout#1.2.0-alpha04">SlidingPaneLayout Version 1.2.0-alpha04</a></li>
<li><a href="https://developer.android.com/jetpack/androidx/releases/wear#wear-1.2.0-beta01">Wear Version 1.2.0-beta01</a></li>
<li><a href="https://developer.android.com/jetpack/androidx/releases/wear#complications-watchface-1.0.0-alpha20">Wear Complications &amp; Watchface Version 1.0.0-alpha20</a></li>
<li><a href="https://developer.android.com/jetpack/androidx/releases/wear#1.0.0-beta01">Wear-Phone-Interactions Wear-Remote-Interactions Version 1.0.0-beta01</a></li>
<li><a href="https://developer.android.com/jetpack/androidx/releases/wear#1.1.0">Wear-Input Wear-Input-Testing Version 1.1.0</a></li>
<li><a href="https://developer.android.com/jetpack/androidx/releases/wear#wear-ongoing-1.0.0-rc01">Wear-Ongoing Version 1.0.0-rc01</a></li>
<li><a href="https://developer.android.com/jetpack/androidx/releases/wear-compose#1.0.0-alpha04">Wear Compose Version 1.0.0-alpha04</a></li>
<li><a href="https://developer.android.com/jetpack/androidx/releases/wear-tiles#1.0.0-alpha10">Wear Tiles Version 1.0.0-alpha10</a></li>
<li><a href="https://developer.android.com/jetpack/androidx/releases/window#1.0.0-beta01">Window Version 1.0.0-beta01</a></li></ul>]]>
    </content>
  </entry>

  <entry>
    <title>August 4, 2021</title>
    <id>tag:google.com,2016:androidx-release-notes#august_4_2021</id>
    <updated>2021-08-04T00:00:00+00:00</updated>
    <link rel="alternate" href="https://developer.android.com/jetpack/androidx/versions/all-channel#august_4_2021"/>
    <content type="html"><![CDATA[<ul><li><a href="https://developer.android.com/jetpack/androidx/releases/activity#1.3.1">Activity Version 1.3.1</a></li>
<li><a href="https://developer.android.com/jetpack/androidx/releases/benchmark#1.1.0-alpha05">Benchmark Version 1.1.0-alpha05</a></li>
<li><a href="https://developer.android.com/jetpack/androidx/releases/compose-animation#1.0.1">Compose Animation Version 1.0.1</a></li>
<li><a href="https://developer.android.com/jetpack/androidx/releases/compose-compiler#1.0.1">Compose Compiler Version 1.0.1</a></li>
<li><a href="https://developer.android.com/jetpack/androidx/releases/compose-foundation#1.0.1">Compose Foundation Version 1.0.1</a></li>
<li><a href="https://developer.android.com/jetpack/androidx/releases/compose-material#1.0.1">Compose Material Version 1.0.1</a></li>
<li><a href="https://developer.android.com/jetpack/androidx/releases/compose-runtime#1.0.1">Compose Runtime Version 1.0.1</a></li>
<li><a href="https://developer.android.com/jetpack/androidx/releases/compose-ui#1.0.1">Compose UI Version 1.0.1</a></li>
<li><a href="https://developer.android.com/jetpack/androidx/releases/compose-animation#1.1.0-alpha01">Compose Animation Version 1.1.0-alpha01</a></li>
<li><a href="https://developer.android.com/jetpack/androidx/releases/compose-compiler#1.1.0-alpha01">Compose Compiler Version 1.1.0-alpha01</a></li>
<li><a href="https://developer.android.com/jetpack/androidx/releases/compose-foundation#1.1.0-alpha01">Compose Foundation Version 1.1.0-alpha01</a></li>
<li><a href="https://developer.android.com/jetpack/androidx/releases/compose-material#1.1.0-alpha01">Compose Material Version 1.1.0-alpha01</a></li>
<li><a href="https://developer.android.com/jetpack/androidx/releases/compose-runtime#1.1.0-alpha01">Compose Runtime Version 1.1.0-alpha01</a></li>
<li><a href="https://developer.android.com/jetpack/androidx/releases/compose-ui#1.1.0-alpha01">Compose UI Version 1.1.0-alpha01</a></li>
<li><a href="https://developer.android.com/jetpack/androidx/releases/core#core-google-shortcuts-1.1.0-alpha01">Core-Google-Shortcuts Version 1.1.0-alpha01</a></li>
<li><a href="https://developer.android.com/jetpack/androidx/releases/datastore#1.0.0">Datastore Version 1.0.0</a></li>
<li><a href="https://developer.android.com/jetpack/androidx/releases/exifinterface#1.3.3">Exifinterface Version 1.3.3</a></li>
<li><a href="https://developer.android.com/jetpack/androidx/releases/fragment#1.4.0-alpha06">Fragment Version 1.4.0-alpha06</a></li>
<li><a href="https://developer.android.com/jetpack/androidx/releases/games#games-activity-1.0.0">Games-Activity Version 1.0.0</a></li>
<li><a href="https://developer.android.com/jetpack/androidx/releases/games#games-controller-1.0.0">Games-Controller Version 1.0.0</a></li>
<li><a href="https://developer.android.com/jetpack/androidx/releases/games#games-text-input-1.0.0">Games-Text-Input Version 1.0.0</a></li>
<li><a href="https://developer.android.com/jetpack/androidx/releases/lifecycle#2.4.0-alpha03">Lifecycle Version 2.4.0-alpha03</a></li>
<li><a href="https://developer.android.com/jetpack/androidx/releases/media#media-1.4.1">Media Version 1.4.1</a></li>
<li><a href="https://developer.android.com/jetpack/androidx/releases/navigation#2.4.0-alpha06">Navigation Version 2.4.0-alpha06</a></li>
<li><a href="https://developer.android.com/jetpack/androidx/releases/profileinstaller#1.0.1">ProfileInstaller Version 1.0.1</a></li>
<li><a href="https://developer.android.com/jetpack/androidx/releases/profileinstaller#1.1.0-alpha02">ProfileInstaller Version 1.1.0-alpha02</a></li>
<li><a href="https://developer.android.com/jetpack/androidx/releases/sharetarget#1.2.0-alpha01">ShareTarget Version 1.2.0-alpha01</a></li>
<li><a href="https://developer.android.com/jetpack/androidx/releases/startup#1.1.0">Startup Version 1.1.0</a></li>
<li><a href="https://developer.android.com/jetpack/androidx/releases/viewpager2#1.1.0-beta01">ViewPager2 Version 1.1.0-beta01</a></li>
<li><a href="https://developer.android.com/jetpack/androidx/releases/wear#wear-1.2.0-alpha13">Wear Version 1.2.0-alpha13</a></li>
<li><a href="https://developer.android.com/jetpack/androidx/releases/wear#complications-watchface-1.0.0-alpha19">Wear Complications &amp; Watchface Version 1.0.0-alpha19</a></li>
<li><a href="https://developer.android.com/jetpack/androidx/releases/wear#wear-ongoing-1.0.0-beta01">Wear-Ongoing Version 1.0.0-beta01</a></li>
<li><a href="https://developer.android.com/jetpack/androidx/releases/wear#wear-phone-interactions-1.0.0-alpha07">Wear-Phone-Interactions Version 1.0.0-alpha07</a></li>
<li><a href="https://developer.android.com/jetpack/androidx/releases/wear#wear-remote-interactions-1.0.0-alpha06">Wear-Remote-Interactions Version 1.0.0-alpha06</a></li>
<li><a href="https://developer.android.com/jetpack/androidx/releases/wear#input-1.1.0-rc01">Wear-Input Version 1.1.0-rc01</a></li>
<li><a href="https://developer.android.com/jetpack/androidx/releases/wear-compose#1.0.0-alpha03">Wear Compose Version 1.0.0-alpha03</a></li>
<li><a href="https://developer.android.com/jetpack/androidx/releases/window#1.0.0-alpha10">Window Version 1.0.0-alpha10</a></li>
<li><a href="https://developer.android.com/jetpack/androidx/releases/work#2.6.0-rc01">WorkManager Version 2.6.0-rc01</a></li></ul>]]>
    </content>
  </entry>

  <entry>
    <title>July 28, 2021</title>
    <id>tag:google.com,2016:androidx-release-notes#july_28_2021</id>
    <updated>2021-07-28T00:00:00+00:00</updated>
    <link rel="alternate" href="https://developer.android.com/jetpack/androidx/versions/all-channel#july_28_2021"/>
    <content type="html"><![CDATA[<ul><li><a href="https://developer.android.com/jetpack/androidx/releases/activity#1.3.0">Activity Version 1.3.0</a></li>
<li><a href="https://developer.android.com/jetpack/androidx/releases/compose-animation#1.0.0">Compose Animation Version 1.0.0</a></li>
<li><a href="https://developer.android.com/jetpack/androidx/releases/compose-compiler#1.0.0">Compose Compiler Version 1.0.0</a></li>
<li><a href="https://developer.android.com/jetpack/androidx/releases/compose-foundation#1.0.0">Compose Foundation Version 1.0.0</a></li>
<li><a href="https://developer.android.com/jetpack/androidx/releases/compose-material#1.0.0">Compose Material Version 1.0.0</a></li>
<li><a href="https://developer.android.com/jetpack/androidx/releases/compose-runtime#1.0.0">Compose Runtime Version 1.0.0</a></li>
<li><a href="https://developer.android.com/jetpack/androidx/releases/compose-ui#1.0.0">Compose UI Version 1.0.0</a></li>
<li><a href="https://developer.android.com/jetpack/androidx/releases/profileinstaller#1.0.0">ProfileInstaller Version 1.0.0</a></li></ul>]]>
    </content>
  </entry>

  <entry>
    <title>July 22, 2021</title>
    <id>tag:google.com,2016:androidx-release-notes#july_22_2021</id>
    <updated>2021-07-22T00:00:00+00:00</updated>
    <link rel="alternate" href="https://developer.android.com/jetpack/androidx/versions/all-channel#july_22_2021"/>
    <content type="html"><![CDATA[<ul><li><a href="https://developer.android.com/jetpack/androidx/releases/constraintlayout#constraintlayout-2.1.0-rc01">ConstraintLayout 2.1.0-rc01</a></li>
<li><a href="https://developer.android.com/jetpack/androidx/releases/constraintlayout#constraintlayout-compose-1.0.0-beta01">ConstraintLayout-compose 1.0.0-beta01</a></li></ul>]]>
    </content>
  </entry>

  <entry>
    <title>July 21, 2021</title>
    <id>tag:google.com,2016:androidx-release-notes#july_21_2021</id>
    <updated>2021-07-21T00:00:00+00:00</updated>
    <link rel="alternate" href="https://developer.android.com/jetpack/androidx/versions/all-channel#july_21_2021"/>
    <content type="html"><![CDATA[<ul><li><a href="https://developer.android.com/jetpack/androidx/releases/activity#1.2.4">Activity Version 1.2.4</a></li>
<li><a href="https://developer.android.com/jetpack/androidx/releases/appcompat#1.3.1">AppCompat Version 1.3.1</a></li>
<li><a href="https://developer.android.com/jetpack/androidx/releases/appsearch#1.0.0-alpha03">AppSearch Version 1.0.0-alpha03</a></li>
<li><a href="https://developer.android.com/jetpack/androidx/releases/autofill#1.2.0-beta01">Autofill Version 1.2.0-beta01</a></li>
<li><a href="https://developer.android.com/jetpack/androidx/releases/camera#1.0.1">Camera Version 1.0.1</a></li>
<li><a href="https://developer.android.com/jetpack/androidx/releases/camera#1.1.0-alpha07">Camera Version 1.1.0-alpha07</a></li>
<li><a href="https://developer.android.com/jetpack/androidx/releases/camera#1.0.0-alpha27">Camera Version 1.0.0-alpha27</a></li>
<li><a href="https://developer.android.com/jetpack/androidx/releases/car-app#1.1.0-alpha02">Car App Version 1.1.0-alpha02</a></li>
<li><a href="https://developer.android.com/jetpack/androidx/releases/datastore#1.0.0-rc02">Datastore Version 1.0.0-rc02</a></li>
<li><a href="https://developer.android.com/jetpack/androidx/releases/fragment#1.3.6">Fragment Version 1.3.6</a></li>
<li><a href="https://developer.android.com/jetpack/androidx/releases/fragment#1.4.0-alpha05">Fragment Version 1.4.0-alpha05</a></li>
<li><a href="https://developer.android.com/jetpack/androidx/releases/games#games-controller-1.0.0-rc02">Games-Controller Version 1.0.0-rc02</a></li>
<li><a href="https://developer.android.com/jetpack/androidx/releases/leanback#leanback-1.1.0-rc02">Leanback Version 1.1.0-rc02</a></li>
<li><a href="https://developer.android.com/jetpack/androidx/releases/leanback#1.2.0-alpha01">Leanback Leanback-Preference Version 1.2.0-alpha01</a></li>
<li><a href="https://developer.android.com/jetpack/androidx/releases/leanback#leanback-paging-1.1.0-alpha08">Leanback-Paging Version 1.1.0-alpha08</a></li>
<li><a href="https://developer.android.com/jetpack/androidx/releases/media#media-1.4.0">Media Version 1.4.0</a></li>
<li><a href="https://developer.android.com/jetpack/androidx/releases/navigation#2.4.0-alpha05">Navigation Version 2.4.0-alpha05</a></li>
<li><a href="https://developer.android.com/jetpack/androidx/releases/paging#3.1.0-alpha03">Paging Version 3.1.0-alpha03</a></li>
<li><a href="https://developer.android.com/jetpack/androidx/releases/paging#paging-compose-1.0.0-alpha12">Paging Compose Version 1.0.0-alpha12</a></li>
<li><a href="https://developer.android.com/jetpack/androidx/releases/paging#3.0.1">Paging Version 3.0.1</a></li>
<li><a href="https://developer.android.com/jetpack/androidx/releases/profileinstaller#1.1.0-alpha01">ProfileInstaller Version 1.1.0-alpha01</a></li>
<li><a href="https://developer.android.com/jetpack/androidx/releases/room#2.4.0-alpha04">Room Version 2.4.0-alpha04</a></li>
<li><a href="https://developer.android.com/jetpack/androidx/releases/sqlite#2.2.0-alpha02">Sqlite Version 2.2.0-alpha02</a></li>
<li><a href="https://developer.android.com/jetpack/androidx/releases/startup#1.1.0-rc01">Startup Version 1.1.0-rc01</a></li>
<li><a href="https://developer.android.com/jetpack/androidx/releases/wear#wear-1.2.0-alpha12">Wear Version 1.2.0-alpha12</a></li>
<li><a href="https://developer.android.com/jetpack/androidx/releases/wear#complications-watchface-1.0.0-alpha18">Wear Complications &amp; Watchface Version 1.0.0-alpha18</a></li>
<li><a href="https://developer.android.com/jetpack/androidx/releases/wear#input-1.1.0-beta01">Wear-Input Version 1.1.0-beta01</a></li>
<li><a href="https://developer.android.com/jetpack/androidx/releases/wear#wear-phone-interactions-1.0.0-alpha06">Wear-Phone-Interactions Version 1.0.0-alpha06</a></li>
<li><a href="https://developer.android.com/jetpack/androidx/releases/wear#wear-remote-interactions-1.0.0-alpha05">Wear-Remote-Interactions Version 1.0.0-alpha05</a></li>
<li><a href="https://developer.android.com/jetpack/androidx/releases/wear-compose#1.0.0-alpha02">Wear Compose Version 1.0.0-alpha02</a></li>
<li><a href="https://developer.android.com/jetpack/androidx/releases/wear-tiles#1.0.0-alpha09">Wear Tiles Version 1.0.0-alpha09</a></li>
<li><a href="https://developer.android.com/jetpack/androidx/releases/work#2.7.0-alpha05">WorkManager Version 2.7.0-alpha05</a></li>
<li><a href="https://developer.android.com/jetpack/androidx/releases/work#2.6.0-beta02">WorkManager Version 2.6.0-beta02</a></li></ul>]]>
    </content>
  </entry>

  <entry>
    <title>July 14, 2021</title>
    <id>tag:google.com,2016:androidx-release-notes#july_14_2021</id>
    <updated>2021-07-14T00:00:00+00:00</updated>
    <link rel="alternate" href="https://developer.android.com/jetpack/androidx/versions/all-channel#july_14_2021"/>
    <content type="html"><![CDATA[<ul><li><a href="https://developer.android.com/jetpack/androidx/releases/activity#1.3.0-rc02">Activity Version 1.3.0-rc02</a></li>
<li><a href="https://developer.android.com/jetpack/androidx/releases/compose-animation#1.0.0-rc02">Compose Animation Version 1.0.0-rc02</a></li>
<li><a href="https://developer.android.com/jetpack/androidx/releases/compose-compiler#1.0.0-rc02">Compose Compiler Version 1.0.0-rc02</a></li>
<li><a href="https://developer.android.com/jetpack/androidx/releases/compose-foundation#1.0.0-rc02">Compose Foundation Version 1.0.0-rc02</a></li>
<li><a href="https://developer.android.com/jetpack/androidx/releases/compose-material#1.0.0-rc02">Compose Material Version 1.0.0-rc02</a></li>
<li><a href="https://developer.android.com/jetpack/androidx/releases/compose-runtime#1.0.0-rc02">Compose Runtime Version 1.0.0-rc02</a></li>
<li><a href="https://developer.android.com/jetpack/androidx/releases/compose-ui#1.0.0-rc02">Compose UI Version 1.0.0-rc02</a></li>
<li><a href="https://developer.android.com/jetpack/androidx/releases/profileinstaller#1.0.0-rc02">ProfileInstaller Version 1.0.0-rc02</a></li></ul>]]>
    </content>
  </entry>

  <entry>
    <title>July 12, 2021</title>
    <id>tag:google.com,2016:androidx-release-notes#july_12_2021</id>
    <updated>2021-07-12T00:00:00+00:00</updated>
    <link rel="alternate" href="https://developer.android.com/jetpack/androidx/versions/all-channel#july_12_2021"/>
    <content type="html"><![CDATA[<ul><li><a href="https://developer.android.com/jetpack/androidx/releases/games#games-activity-1.0.0-rc01">Games-Activity Version 1.0.0-rc01</a></li>
<li><a href="https://developer.android.com/jetpack/androidx/releases/games#games-controller-1.0.0-rc01">Games-Controller Version 1.0.0-rc01</a></li>
<li><a href="https://developer.android.com/jetpack/androidx/releases/games#games-text-input-1.0.0-rc01">Games-Text-Input Version 1.0.0-rc01</a></li>
<li><a href="https://developer.android.com/jetpack/androidx/releases/games#games-frame-pacing-1.9.0">Games-Frame-Pacing Version 1.9.0</a></li>
<li><a href="https://developer.android.com/jetpack/androidx/releases/games#games-performance-tuner-1.4.3">Games-Performance-Tuner Version 1.4.3</a></li></ul>]]>
    </content>
  </entry>

  <entry>
    <title>July 1, 2021</title>
    <id>tag:google.com,2016:androidx-release-notes#july_1_2021</id>
    <updated>2021-07-01T00:00:00+00:00</updated>
    <link rel="alternate" href="https://developer.android.com/jetpack/androidx/versions/all-channel#july_1_2021"/>
    <content type="html"><![CDATA[<ul><li><a href="https://developer.android.com/jetpack/androidx/releases/activity#1.3.0-rc01">Activity Version 1.3.0-rc01</a></li>
<li><a href="https://developer.android.com/jetpack/androidx/releases/compose-animation#1.0.0-rc01">Compose Animation Version 1.0.0-rc01</a></li>
<li><a href="https://developer.android.com/jetpack/androidx/releases/compose-compiler#1.0.0-rc01">Compose Compiler Version 1.0.0-rc01</a></li>
<li><a href="https://developer.android.com/jetpack/androidx/releases/compose-foundation#1.0.0-rc01">Compose Foundation Version 1.0.0-rc01</a></li>
<li><a href="https://developer.android.com/jetpack/androidx/releases/compose-material#1.0.0-rc01">Compose Material Version 1.0.0-rc01</a></li>
<li><a href="https://developer.android.com/jetpack/androidx/releases/compose-runtime#1.0.0-rc01">Compose Runtime Version 1.0.0-rc01</a></li>
<li><a href="https://developer.android.com/jetpack/androidx/releases/compose-ui#1.0.0-rc01">Compose UI Version 1.0.0-rc01</a></li>
<li><a href="https://developer.android.com/jetpack/androidx/releases/navigation#2.4.0-alpha04">Navigation Version 2.4.0-alpha04</a></li>
<li><a href="https://developer.android.com/jetpack/androidx/releases/paging#3.1.0-alpha02">Paging Version 3.1.0-alpha02</a></li>
<li><a href="https://developer.android.com/jetpack/androidx/releases/paging#1.0.0-alpha11">Paging Compose Version 1.0.0-alpha11</a></li>
<li><a href="https://developer.android.com/jetpack/androidx/releases/profileinstaller#1.0.0-rc01">ProfileInstaller Version 1.0.0-rc01</a></li>
<li><a href="https://developer.android.com/jetpack/androidx/releases/wear-compose#1.0.0-alpha01">Wear Compose Version 1.0.0-alpha01</a></li></ul>]]>
    </content>
  </entry>

  <entry>
    <title>June 30, 2021</title>
    <id>tag:google.com,2016:androidx-release-notes#june_30_2021</id>
    <updated>2021-06-30T00:00:00+00:00</updated>
    <link rel="alternate" href="https://developer.android.com/jetpack/androidx/versions/all-channel#june_30_2021"/>
    <content type="html"><![CDATA[<ul><li><a href="https://developer.android.com/jetpack/androidx/releases/annotation#annotation-experimental-1.2.0-alpha01">Annotation-Experimental Version 1.2.0-alpha01</a></li>
<li><a href="https://developer.android.com/jetpack/androidx/releases/appcompat#1.4.0-alpha03">AppCompat Version 1.4.0-alpha03</a></li>
<li><a href="https://developer.android.com/jetpack/androidx/releases/appsearch#1.0.0-alpha02">AppSearch Version 1.0.0-alpha02</a></li>
<li><a href="https://developer.android.com/jetpack/androidx/releases/camera#1.1.0-alpha06">Camera Version 1.1.0-alpha06</a></li>
<li><a href="https://developer.android.com/jetpack/androidx/releases/camera#1.0.0-alpha26">Camera Version 1.0.0-alpha26</a></li>
<li><a href="https://developer.android.com/jetpack/androidx/releases/core#core-google-shortcuts-1.0.0">Core-Google-Shortcuts Version 1.0.0</a></li>
<li><a href="https://developer.android.com/jetpack/androidx/releases/core#core-splashscreen-1.0.0-alpha01">Core-Splashscreen Version 1.0.0-alpha01</a></li>
<li><a href="https://developer.android.com/jetpack/androidx/releases/core#1.6.0">Core Version 1.6.0</a></li>
<li><a href="https://developer.android.com/jetpack/androidx/releases/core#1.7.0-alpha01">Core Core-Ktx Version 1.7.0-alpha01</a></li>
<li><a href="https://developer.android.com/jetpack/androidx/releases/datastore#1.0.0-rc01">Datastore Version 1.0.0-rc01</a></li>
<li><a href="https://developer.android.com/jetpack/androidx/releases/emoji2#1.0.0-alpha03">Emoji2 Version 1.0.0-alpha03</a></li>
<li><a href="https://developer.android.com/jetpack/androidx/releases/fragment#1.4.0-alpha04">Fragment Version 1.4.0-alpha04</a></li>
<li><a href="https://developer.android.com/jetpack/androidx/releases/games#games-activity-1.0.0-beta01">Games-Activity Version 1.0.0-beta01</a></li>
<li><a href="https://developer.android.com/jetpack/androidx/releases/games#games-controller-1.0.0-beta01">Games-Controller Version 1.0.0-beta01</a></li>
<li><a href="https://developer.android.com/jetpack/androidx/releases/games#games-frame-pacing-1.7.0">Games-Frame-Pacing Version 1.7.0</a></li>
<li><a href="https://developer.android.com/jetpack/androidx/releases/games#games-performance-tuner-1.1.0">Games-Performance-Tuner Version 1.1.0</a></li>
<li><a href="https://developer.android.com/jetpack/androidx/releases/games#games-text-input-1.0.0-beta01">Games-Text-Input Version 1.0.0-beta01</a></li>
<li><a href="https://developer.android.com/jetpack/androidx/releases/media#media-1.4.0-rc01">Media Version 1.4.0-rc01</a></li>
<li><a href="https://developer.android.com/jetpack/androidx/releases/media2#1.2.0-beta01">Media2 Version 1.2.0-beta01</a></li>
<li><a href="https://developer.android.com/jetpack/androidx/releases/resourceinspection#1.0.0-alpha03">Resourceinspection Version 1.0.0-alpha03</a></li>
<li><a href="https://developer.android.com/jetpack/androidx/releases/slidingpanelayout#1.2.0-alpha03">SlidingPaneLayout Version 1.2.0-alpha03</a></li>
<li><a href="https://developer.android.com/jetpack/androidx/releases/test#1.4.0">Test Version 1.4.0</a></li>
<li><a href="https://developer.android.com/jetpack/androidx/releases/wear#wear-1.2.0-alpha11">Wear Version 1.2.0-alpha11</a></li>
<li><a href="https://developer.android.com/jetpack/androidx/releases/wear#complications-watchface-1.0.0-alpha17">Wear Complications &amp; Watchface Version 1.0.0-alpha17</a></li>
<li><a href="https://developer.android.com/jetpack/androidx/releases/wear#input-1.1.0-alpha03">Wear Input Version 1.1.0-alpha03</a></li>
<li><a href="https://developer.android.com/jetpack/androidx/releases/wear#wear-phone-interactions-1.0.0-alpha05">Wear-Phone-Interactions Version 1.0.0-alpha05</a></li>
<li><a href="https://developer.android.com/jetpack/androidx/releases/wear-tiles#1.0.0-alpha08">Wear Tiles Version 1.0.0-alpha08</a></li>
<li><a href="https://developer.android.com/jetpack/androidx/releases/window#1.0.0-alpha09">Window Version 1.0.0-alpha09</a></li></ul>]]>
    </content>
  </entry>

  <entry>
    <title>June 21, 2021</title>
    <id>tag:google.com,2016:androidx-release-notes#june_21_2021</id>
    <updated>2021-06-21T00:00:00+00:00</updated>
    <link rel="alternate" href="https://developer.android.com/jetpack/androidx/versions/all-channel#june_21_2021"/>
    <content type="html"><![CDATA[<ul><li><a href="https://developer.android.com/jetpack/androidx/releases/test#1.4.0-rc01">Test Version 1.4.0-rc01</a></li></ul>]]>
    </content>
  </entry>

  <entry>
    <title>June 17, 2021</title>
    <id>tag:google.com,2016:androidx-release-notes#june_17_2021</id>
    <updated>2021-06-17T00:00:00+00:00</updated>
    <link rel="alternate" href="https://developer.android.com/jetpack/androidx/versions/all-channel#june_17_2021"/>
    <content type="html"><![CDATA[<ul><li><a href="https://developer.android.com/jetpack/androidx/releases/media#1.4.0-beta01">Media Version 1.4.0-beta01</a></li></ul>]]>
    </content>
  </entry>

  <entry>
    <title>June 16, 2021</title>
    <id>tag:google.com,2016:androidx-release-notes#june_16_2021</id>
    <updated>2021-06-16T00:00:00+00:00</updated>
    <link rel="alternate" href="https://developer.android.com/jetpack/androidx/versions/all-channel#june_16_2021"/>
    <content type="html"><![CDATA[<ul><li><a href="https://developer.android.com/jetpack/androidx/releases/activity#1.3.0-beta02">Activity Version 1.3.0-beta02</a></li>
<li><a href="https://developer.android.com/jetpack/androidx/releases/benchmark#1.1.0-alpha03">Benchmark Version 1.1.0-alpha03</a></li>
<li><a href="https://developer.android.com/jetpack/androidx/releases/car-app#1.1.0-alpha01">Car App Version 1.1.0-alpha01</a></li>
<li><a href="https://developer.android.com/jetpack/androidx/releases/compose-animation#1.0.0-beta09">Compose Animation Version 1.0.0-beta09</a></li>
<li><a href="https://developer.android.com/jetpack/androidx/releases/compose-compiler#1.0.0-beta09">Compose Compiler Version 1.0.0-beta09</a></li>
<li><a href="https://developer.android.com/jetpack/androidx/releases/compose-foundation#1.0.0-beta09">Compose Foundation Version 1.0.0-beta09</a></li>
<li><a href="https://developer.android.com/jetpack/androidx/releases/compose-material#1.0.0-beta09">Compose Material Version 1.0.0-beta09</a></li>
<li><a href="https://developer.android.com/jetpack/androidx/releases/compose-runtime#1.0.0-beta09">Compose Runtime Version 1.0.0-beta09</a></li>
<li><a href="https://developer.android.com/jetpack/androidx/releases/compose-ui#1.0.0-beta09">Compose UI Version 1.0.0-beta09</a></li>
<li><a href="https://developer.android.com/jetpack/androidx/releases/core#core-google-shortcuts-1.0.0-rc01">Core-Google-Shortcuts Version 1.0.0-rc01</a></li>
<li><a href="https://developer.android.com/jetpack/androidx/releases/core#1.6.0-rc01">Core Core-Ktx Version 1.6.0-rc01</a></li>
<li><a href="https://developer.android.com/jetpack/androidx/releases/datastore#1.0.0-beta02">Datastore Version 1.0.0-beta02</a></li>
<li><a href="https://developer.android.com/jetpack/androidx/releases/fragment#1.3.5">Fragment Version 1.3.5</a></li>
<li><a href="https://developer.android.com/jetpack/androidx/releases/fragment#1.4.0-alpha03">Fragment Version 1.4.0-alpha03</a></li>
<li><a href="https://developer.android.com/jetpack/androidx/releases/games#activity-1.0.0-alpha01">Games Activity Version 1.0.0-alpha01</a></li>
<li><a href="https://developer.android.com/jetpack/androidx/releases/games#activity-1.0.0-alpha01">Games Controller Version 1.0.0-alpha01</a></li>
<li><a href="https://developer.android.com/jetpack/androidx/releases/games#activity-1.0.0-alpha01">Games Text Input Version 1.0.0-alpha01</a></li>
<li><a href="https://developer.android.com/jetpack/androidx/releases/hilt#hilt-navigation-compose-1.0.0-alpha03">Hilt-Navigation-Compose Version 1.0.0-alpha03</a></li>
<li><a href="https://developer.android.com/jetpack/androidx/releases/lifecycle#2.4.0-alpha02">Lifecycle Version 2.4.0-alpha02</a></li>
<li><a href="https://developer.android.com/jetpack/androidx/releases/lifecycle#lifecycle-viewmodel-compose-1.0.0-alpha07">Lifecycle-Viewmodel-Compose Version 1.0.0-alpha07</a></li>
<li><a href="https://developer.android.com/jetpack/androidx/releases/mediarouter#1.2.4">Mediarouter Version 1.2.4</a></li>
<li><a href="https://developer.android.com/jetpack/androidx/releases/navigation#2.4.0-alpha03">Navigation Version 2.4.0-alpha03</a></li>
<li><a href="https://developer.android.com/jetpack/androidx/releases/profileinstaller#1.0.0-beta01">ProfileInstaller Version 1.0.0-beta01</a></li>
<li><a href="https://developer.android.com/jetpack/androidx/releases/room#2.4.0-alpha03">Room Version 2.4.0-alpha03</a></li>
<li><a href="https://developer.android.com/jetpack/androidx/releases/sqlite#2.2.0-alpha01">Sqlite Version 2.2.0-alpha01</a></li>
<li><a href="https://developer.android.com/jetpack/androidx/releases/wear#complications-watchface-1.0.0-alpha16">Wear Complications &amp; Watchface Version 1.0.0-alpha16</a></li>
<li><a href="https://developer.android.com/jetpack/androidx/releases/wear-tiles#1.0.0-alpha07">Wear Tiles Version 1.0.0-alpha07</a></li>
<li><a href="https://developer.android.com/jetpack/androidx/releases/window#1.0.0-alpha08">Window Version 1.0.0-alpha08</a></li></ul>]]>
    </content>
  </entry>

  <entry>
    <title>June 7, 2021</title>
    <id>tag:google.com,2016:androidx-release-notes#june_7_2021</id>
    <updated>2021-06-07T00:00:00+00:00</updated>
    <link rel="alternate" href="https://developer.android.com/jetpack/androidx/versions/all-channel#june_7_2021"/>
    <content type="html"><![CDATA[<ul><li><a href="https://developer.android.com/jetpack/androidx/releases/test#1.4.0-beta02">Test Version 1.4.0-beta02</a></li></ul>]]>
    </content>
  </entry>


</feed>
